#
# There is insufficient memory for the Java Runtime Environment to continue.
# Native memory allocation (malloc) failed to allocate 626752 bytes for Chunk::new
# Possible reasons:
#   The system is out of physical RAM or swap space
#   The process is running with CompressedOops enabled, and the Java Heap may be blocking the growth of the native heap
# Possible solutions:
#   Reduce memory load on the system
#   Increase physical memory or swap space
#   Check if swap backing store is full
#   Decrease Java heap size (-Xmx/-Xms)
#   Decrease number of Java threads
#   Decrease Java thread stack sizes (-Xss)
#   Set larger code cache with -XX:ReservedCodeCacheSize=
#   JVM is running with Unscaled Compressed Oops mode in which the Java heap is
#     placed in the first 4GB address space. The Java Heap base address is the
#     maximum limit for the native heap growth. Please use -XX:HeapBaseMinAddress
#     to set the Java Heap base and to place the Java Heap above 4GB virtual address.
# This output file may be truncated or incomplete.
#
#  Out of Memory Error (arena.cpp:184), pid=19536, tid=10536
#
# JRE version: OpenJDK Runtime Environment (18.0.1.1+2) (build 18.0.1.1+2-6)
# Java VM: OpenJDK 64-Bit Server VM (18.0.1.1+2-6, mixed mode, sharing, tiered, compressed oops, compressed class ptrs, g1 gc, windows-amd64)
# No core dump will be written. Minidumps are not enabled by default on client versions of Windows
#

---------------  S U M M A R Y ------------

Command Line: -javaagent:C:\Program Files\JetBrains\IntelliJ IDEA Community Edition 2021.3.1\lib\idea_rt.jar=61509:C:\Program Files\JetBrains\IntelliJ IDEA Community Edition 2021.3.1\bin -Dfile.encoding=UTF-8 com.example.demoFinalmaven.SupportportalApplication

Host: Intel(R) Core(TM) i5-10310U CPU @ 1.70GHz, 8 cores, 7G,  Windows 11 , 64 bit Build 22000 (10.0.22000.675)
Time: Fri Jun 17 17:47:37 2022 Paris, Madrid elapsed time: 26796.672862 seconds (0d 7h 26m 36s)

---------------  T H R E A D  ---------------

Current thread (0x000001b26dd56190):  JavaThread "C2 CompilerThread0" daemon [_thread_in_native, id=10536, stack(0x00000018be400000,0x00000018be500000)]


Current CompileTask:
C2:26796672 5340       4       jdk.internal.loader.URLClassPath::getResource (74 bytes)

Stack: [0x00000018be400000,0x00000018be500000]
Native frames: (J=compiled Java code, j=interpreted, Vv=VM code, C=native code)
V  [jvm.dll+0x69887a]
V  [jvm.dll+0x7f38bd]
V  [jvm.dll+0x7f51ce]
V  [jvm.dll+0x7f5883]
V  [jvm.dll+0x25ca3f]
V  [jvm.dll+0xb8c2f]
V  [jvm.dll+0xb8fa5]
V  [jvm.dll+0x385a6b]
V  [jvm.dll+0x1d29a8]
V  [jvm.dll+0x22fd79]
V  [jvm.dll+0x22eff1]
V  [jvm.dll+0x1b9cfc]
V  [jvm.dll+0x23e8ca]
V  [jvm.dll+0x23cbb5]
V  [jvm.dll+0x7a5fb1]
V  [jvm.dll+0x7a03ea]
V  [jvm.dll+0x697725]
C  [ucrtbase.dll+0x26c0c]
C  [KERNEL32.DLL+0x154e0]
C  [ntdll.dll+0x485b]


---------------  P R O C E S S  ---------------

Threads class SMR info:
_java_thread_list=0x000001b275493a70, length=31, elements={
0x000001b26dd2c040, 0x000001b26dd2cca0, 0x000001b26dd48000, 0x000001b26dd489a0,
0x000001b26dd4a350, 0x000001b26dd4acf0, 0x000001b26dd56190, 0x000001b26dd7eb90,
0x000001b26dd8dd60, 0x000001b26dd15db0, 0x000001b27223d640, 0x000001b27223c790,
0x000001b274615b20, 0x000001b2750c1300, 0x000001b2750c17c0, 0x000001b2744cca00,
0x000001b2744cf080, 0x000001b2744cf550, 0x000001b2744cd870, 0x000001b2744cced0,
0x000001b2744ce210, 0x000001b2744ce6e0, 0x000001b2744cfa20, 0x000001b2744cebb0,
0x000001b2744cc060, 0x000001b276309430, 0x000001b276306410, 0x000001b27630d2c0,
0x000001b27630a2a0, 0x000001b27630b5e0, 0x000001b2738ab7c0
}

Java Threads: ( => current thread )
  0x000001b26dd2c040 JavaThread "Reference Handler" daemon [_thread_blocked, id=19788, stack(0x00000018bde00000,0x00000018bdf00000)]
  0x000001b26dd2cca0 JavaThread "Finalizer" daemon [_thread_blocked, id=18632, stack(0x00000018bdf00000,0x00000018be000000)]
  0x000001b26dd48000 JavaThread "Signal Dispatcher" daemon [_thread_blocked, id=12152, stack(0x00000018be000000,0x00000018be100000)]
  0x000001b26dd489a0 JavaThread "Attach Listener" daemon [_thread_blocked, id=11324, stack(0x00000018be100000,0x00000018be200000)]
  0x000001b26dd4a350 JavaThread "Service Thread" daemon [_thread_blocked, id=20232, stack(0x00000018be200000,0x00000018be300000)]
  0x000001b26dd4acf0 JavaThread "Monitor Deflation Thread" daemon [_thread_blocked, id=9896, stack(0x00000018be300000,0x00000018be400000)]
=>0x000001b26dd56190 JavaThread "C2 CompilerThread0" daemon [_thread_in_native, id=10536, stack(0x00000018be400000,0x00000018be500000)]
  0x000001b26dd7eb90 JavaThread "C1 CompilerThread0" daemon [_thread_blocked, id=9016, stack(0x00000018be500000,0x00000018be600000)]
  0x000001b26dd8dd60 JavaThread "Sweeper thread" daemon [_thread_blocked, id=19844, stack(0x00000018be600000,0x00000018be700000)]
  0x000001b26dd15db0 JavaThread "Common-Cleaner" daemon [_thread_blocked, id=18768, stack(0x00000018be700000,0x00000018be800000)]
  0x000001b27223d640 JavaThread "Monitor Ctrl-Break" daemon [_thread_in_native, id=3044, stack(0x00000018be800000,0x00000018be900000)]
  0x000001b27223c790 JavaThread "Notification Thread" daemon [_thread_blocked, id=7480, stack(0x00000018be900000,0x00000018bea00000)]
  0x000001b274615b20 JavaThread "Catalina-utility-1" [_thread_blocked, id=10624, stack(0x00000018bf500000,0x00000018bf600000)]
  0x000001b2750c1300 JavaThread "Catalina-utility-2" [_thread_blocked, id=7844, stack(0x00000018bf600000,0x00000018bf700000)]
  0x000001b2750c17c0 JavaThread "container-0" [_thread_blocked, id=2572, stack(0x00000018bf700000,0x00000018bf800000)]
  0x000001b2744cca00 JavaThread "mysql-cj-abandoned-connection-cleanup" daemon [_thread_blocked, id=17232, stack(0x00000018bf800000,0x00000018bf900000)]
  0x000001b2744cf080 JavaThread "HikariPool-1 housekeeper" daemon [_thread_blocked, id=12648, stack(0x00000018bfa00000,0x00000018bfb00000)]
  0x000001b2744cf550 JavaThread "http-nio-8081-exec-1" daemon [_thread_in_Java, id=18264, stack(0x00000018bfc00000,0x00000018bfd00000)]
  0x000001b2744cd870 JavaThread "http-nio-8081-exec-2" daemon [_thread_blocked, id=5040, stack(0x00000018bfd00000,0x00000018bfe00000)]
  0x000001b2744cced0 JavaThread "http-nio-8081-exec-3" daemon [_thread_blocked, id=1220, stack(0x00000018bfe00000,0x00000018bff00000)]
  0x000001b2744ce210 JavaThread "http-nio-8081-exec-4" daemon [_thread_blocked, id=9092, stack(0x00000018bff00000,0x00000018c0000000)]
  0x000001b2744ce6e0 JavaThread "http-nio-8081-exec-5" daemon [_thread_blocked, id=15920, stack(0x00000018c0000000,0x00000018c0100000)]
  0x000001b2744cfa20 JavaThread "http-nio-8081-exec-6" daemon [_thread_blocked, id=9072, stack(0x00000018c0100000,0x00000018c0200000)]
  0x000001b2744cebb0 JavaThread "http-nio-8081-exec-7" daemon [_thread_blocked, id=17552, stack(0x00000018c0200000,0x00000018c0300000)]
  0x000001b2744cc060 JavaThread "http-nio-8081-exec-8" daemon [_thread_blocked, id=8180, stack(0x00000018c0300000,0x00000018c0400000)]
  0x000001b276309430 JavaThread "http-nio-8081-exec-9" daemon [_thread_blocked, id=19688, stack(0x00000018c0400000,0x00000018c0500000)]
  0x000001b276306410 JavaThread "http-nio-8081-exec-10" daemon [_thread_blocked, id=18388, stack(0x00000018c0500000,0x00000018c0600000)]
  0x000001b27630d2c0 JavaThread "http-nio-8081-Poller" daemon [_thread_in_native, id=10732, stack(0x00000018c0600000,0x00000018c0700000)]
  0x000001b27630a2a0 JavaThread "http-nio-8081-Acceptor" daemon [_thread_in_native, id=10868, stack(0x00000018c0700000,0x00000018c0800000)]
  0x000001b27630b5e0 JavaThread "DestroyJavaVM" [_thread_blocked, id=12140, stack(0x00000018bd700000,0x00000018bd800000)]
  0x000001b2738ab7c0 JavaThread "C2 CompilerThread1" daemon [_thread_in_native, id=20852, stack(0x00000018bd400000,0x00000018bd500000)]

Other Threads:
  0x000001b24dc96e80 VMThread "VM Thread" [stack: 0x00000018bdd00000,0x00000018bde00000] [id=792]
  0x000001b27222c080 WatcherThread "VM Periodic Task Thread" [stack: 0x00000018bea00000,0x00000018beb00000] [id=12808]
  0x000001b24dc7e730 WorkerThread "GC Thread#0" [stack: 0x00000018bd800000,0x00000018bd900000] [id=3840]
  0x000001b272bba530 WorkerThread "GC Thread#1" [stack: 0x00000018beb00000,0x00000018bec00000] [id=3020]
  0x000001b272bba7d0 WorkerThread "GC Thread#2" [stack: 0x00000018bec00000,0x00000018bed00000] [id=7944]
  0x000001b272b9d5d0 WorkerThread "GC Thread#3" [stack: 0x00000018bed00000,0x00000018bee00000] [id=18056]
  0x000001b272bd2910 WorkerThread "GC Thread#4" [stack: 0x00000018bee00000,0x00000018bef00000] [id=8316]
  0x000001b272bd2bb0 WorkerThread "GC Thread#5" [stack: 0x00000018bef00000,0x00000018bf000000] [id=9168]
  0x000001b272dbdd40 WorkerThread "GC Thread#6" [stack: 0x00000018bf000000,0x00000018bf100000] [id=20576]
  0x000001b272dbe460 WorkerThread "GC Thread#7" [stack: 0x00000018bf100000,0x00000018bf200000] [id=18796]
  0x000001b24dc8f1e0 ConcurrentGCThread "G1 Main Marker" [stack: 0x00000018bd900000,0x00000018bda00000] [id=21384]
  0x000001b24dc8fad0 WorkerThread "G1 Conc#0" [stack: 0x00000018bda00000,0x00000018bdb00000] [id=18588]
  0x000001b274a605e0 WorkerThread "G1 Conc#1" [stack: 0x00000018bf400000,0x00000018bf500000] [id=18884]
  0x000001b24dcddf50 ConcurrentGCThread "G1 Refine#0" [stack: 0x00000018bdb00000,0x00000018bdc00000] [id=6784]
  0x000001b272b41030 ConcurrentGCThread "G1 Refine#1" [stack: 0x00000018bf200000,0x00000018bf300000] [id=15216]
  0x000001b24dcde860 ConcurrentGCThread "G1 Service" [stack: 0x00000018bdc00000,0x00000018bdd00000] [id=19560]

Threads with active compile tasks:
C2 CompilerThread0  26796701 5340       4       jdk.internal.loader.URLClassPath::getResource (74 bytes)
C2 CompilerThread1  26796701 5343   !   4       java.util.zip.ZipFile::getInputStream (275 bytes)

VM state: not at safepoint (normal execution)

VM Mutex/Monitor currently owned by a thread: None

Heap address: 0x0000000081c00000, size: 2020 MB, Compressed Oops mode: 32-bit

CDS archive(s) mapped at: [0x0000000800000000-0x0000000800b90000-0x0000000800b90000), size 12124160, SharedBaseAddress: 0x0000000800000000, ArchiveRelocationMode: 0.
Compressed class space mapped at: 0x0000000800c00000-0x0000000840c00000, reserved size: 1073741824
Narrow klass base: 0x0000000800000000, Narrow klass shift: 0, Narrow klass range: 0x100000000

GC Precious Log:
 CardTable entry size: 512
 Card Set container configuration: InlinePtr #cards 5 size 8 Array Of Cards #cards 12 size 40 Howl #buckets 4 coarsen threshold 1843 Howl Bitmap #cards 512 size 80 coarsen threshold 460 Card regions per heap region 1 cards per card region 2048
 CPUs: 8 total, 8 available
 Memory: 8072M
 Large Page Support: Disabled
 NUMA Support: Disabled
 Compressed Oops: Enabled (32-bit)
 Heap Region Size: 1M
 Heap Min Capacity: 8M
 Heap Initial Capacity: 128M
 Heap Max Capacity: 2020M
 Pre-touch: Disabled
 Parallel Workers: 8
 Concurrent Workers: 2
 Concurrent Refinement Workers: 8
 Periodic GC: Disabled

Heap:
 garbage-first heap   total 56320K, used 39294K [0x0000000081c00000, 0x0000000100000000)
  region size 1024K, 20 young (20480K), 3 survivors (3072K)
 Metaspace       used 47707K, committed 48128K, reserved 1114112K
  class space    used 6234K, committed 6400K, reserved 1048576K

Heap Regions: E=young(eden), S=young(survivor), O=old, HS=humongous(starts), HC=humongous(continues), CS=collection set, F=free, OA=open archive, CA=closed archive, TAMS=top-at-mark-start (previous, next)
|   0|0x0000000081c00000, 0x0000000081d00000, 0x0000000081d00000|100%|HS|  |TAMS 0x0000000081d00000, 0x0000000081c00000| Complete 
|   1|0x0000000081d00000, 0x0000000081e00000, 0x0000000081e00000|100%| O|  |TAMS 0x0000000081e00000, 0x0000000081d00000| Untracked 
|   2|0x0000000081e00000, 0x0000000081f00000, 0x0000000081f00000|100%| O|  |TAMS 0x0000000081f00000, 0x0000000081e00000| Untracked 
|   3|0x0000000081f00000, 0x0000000082000000, 0x0000000082000000|100%| O|  |TAMS 0x0000000082000000, 0x0000000081f00000| Untracked 
|   4|0x0000000082000000, 0x0000000082100000, 0x0000000082100000|100%| O|  |TAMS 0x0000000082100000, 0x0000000082000000| Untracked 
|   5|0x0000000082100000, 0x0000000082200000, 0x0000000082200000|100%| O|  |TAMS 0x0000000082200000, 0x0000000082100000| Untracked 
|   6|0x0000000082200000, 0x0000000082300000, 0x0000000082300000|100%| O|  |TAMS 0x0000000082300000, 0x0000000082200000| Untracked 
|   7|0x0000000082300000, 0x0000000082400000, 0x0000000082400000|100%| O|  |TAMS 0x0000000082300000, 0x0000000082300000| Untracked 
|   8|0x0000000082400000, 0x0000000082500000, 0x0000000082500000|100%| O|  |TAMS 0x0000000082500000, 0x0000000082400000| Untracked 
|   9|0x0000000082500000, 0x0000000082600000, 0x0000000082600000|100%| O|  |TAMS 0x0000000082600000, 0x0000000082500000| Untracked 
|  10|0x0000000082600000, 0x0000000082700000, 0x0000000082700000|100%| O|  |TAMS 0x0000000082700000, 0x0000000082600000| Untracked 
|  11|0x0000000082700000, 0x0000000082800000, 0x0000000082800000|100%| O|  |TAMS 0x0000000082800000, 0x0000000082700000| Untracked 
|  12|0x0000000082800000, 0x0000000082900000, 0x0000000082900000|100%| O|  |TAMS 0x0000000082900000, 0x0000000082800000| Untracked 
|  13|0x0000000082900000, 0x0000000082a00000, 0x0000000082a00000|100%| O|  |TAMS 0x0000000082a00000, 0x0000000082900000| Untracked 
|  14|0x0000000082a00000, 0x0000000082b00000, 0x0000000082b00000|100%| O|  |TAMS 0x0000000082b00000, 0x0000000082a00000| Untracked 
|  15|0x0000000082b00000, 0x0000000082c00000, 0x0000000082c00000|100%| O|  |TAMS 0x0000000082bf7200, 0x0000000082b00000| Untracked 
|  16|0x0000000082c00000, 0x0000000082d00000, 0x0000000082d00000|100%| O|  |TAMS 0x0000000082c00000, 0x0000000082c00000| Untracked 
|  17|0x0000000082d00000, 0x0000000082e00000, 0x0000000082e00000|100%| O|  |TAMS 0x0000000082d00000, 0x0000000082d00000| Untracked 
|  18|0x0000000082e00000, 0x0000000082f00000, 0x0000000082f00000|100%| O|  |TAMS 0x0000000082e00000, 0x0000000082e00000| Untracked 
|  19|0x0000000082f00000, 0x0000000083000000, 0x0000000083000000|100%| O|  |TAMS 0x0000000082f00000, 0x0000000082f00000| Untracked 
|  20|0x0000000083000000, 0x0000000083100000, 0x0000000083100000|100%| O|  |TAMS 0x0000000083000000, 0x0000000083000000| Untracked 
|  21|0x0000000083100000, 0x0000000083121000, 0x0000000083200000| 12%| O|  |TAMS 0x0000000083100000, 0x0000000083100000| Untracked 
|  22|0x0000000083200000, 0x0000000083200000, 0x0000000083300000|  0%| F|  |TAMS 0x0000000083200000, 0x0000000083200000| Untracked 
|  23|0x0000000083300000, 0x0000000083300000, 0x0000000083400000|  0%| F|  |TAMS 0x0000000083300000, 0x0000000083300000| Untracked 
|  24|0x0000000083400000, 0x0000000083400000, 0x0000000083500000|  0%| F|  |TAMS 0x0000000083400000, 0x0000000083400000| Untracked 
|  25|0x0000000083500000, 0x0000000083500000, 0x0000000083600000|  0%| F|  |TAMS 0x0000000083500000, 0x0000000083500000| Untracked 
|  26|0x0000000083600000, 0x0000000083600000, 0x0000000083700000|  0%| F|  |TAMS 0x0000000083600000, 0x0000000083600000| Untracked 
|  27|0x0000000083700000, 0x0000000083700000, 0x0000000083800000|  0%| F|  |TAMS 0x0000000083700000, 0x0000000083700000| Untracked 
|  28|0x0000000083800000, 0x0000000083800000, 0x0000000083900000|  0%| F|  |TAMS 0x0000000083800000, 0x0000000083800000| Untracked 
|  29|0x0000000083900000, 0x0000000083900000, 0x0000000083a00000|  0%| F|  |TAMS 0x0000000083900000, 0x0000000083900000| Untracked 
|  30|0x0000000083a00000, 0x0000000083a00000, 0x0000000083b00000|  0%| F|  |TAMS 0x0000000083a00000, 0x0000000083a00000| Untracked 
|  31|0x0000000083b00000, 0x0000000083b00000, 0x0000000083c00000|  0%| F|  |TAMS 0x0000000083b00000, 0x0000000083b00000| Untracked 
|  32|0x0000000083c00000, 0x0000000083c3e8b0, 0x0000000083d00000| 24%| S|CS|TAMS 0x0000000083c00000, 0x0000000083c00000| Complete 
|  33|0x0000000083d00000, 0x0000000083e00000, 0x0000000083e00000|100%| S|CS|TAMS 0x0000000083d00000, 0x0000000083d00000| Complete 
|  34|0x0000000083e00000, 0x0000000083f00000, 0x0000000083f00000|100%| S|CS|TAMS 0x0000000083e00000, 0x0000000083e00000| Complete 
|  35|0x0000000083f00000, 0x0000000083f00000, 0x0000000084000000|  0%| F|  |TAMS 0x0000000083f00000, 0x0000000083f00000| Untracked 
|  36|0x0000000084000000, 0x0000000084000000, 0x0000000084100000|  0%| F|  |TAMS 0x0000000084000000, 0x0000000084000000| Untracked 
|  37|0x0000000084100000, 0x0000000084100000, 0x0000000084200000|  0%| F|  |TAMS 0x0000000084100000, 0x0000000084100000| Untracked 
|  38|0x0000000084200000, 0x00000000842ba628, 0x0000000084300000| 72%| E|  |TAMS 0x0000000084200000, 0x0000000084200000| Complete 
|  39|0x0000000084300000, 0x0000000084400000, 0x0000000084400000|100%| E|CS|TAMS 0x0000000084300000, 0x0000000084300000| Complete 
|  40|0x0000000084400000, 0x0000000084500000, 0x0000000084500000|100%| E|CS|TAMS 0x0000000084400000, 0x0000000084400000| Complete 
|  41|0x0000000084500000, 0x0000000084600000, 0x0000000084600000|100%| E|CS|TAMS 0x0000000084500000, 0x0000000084500000| Complete 
|  42|0x0000000084600000, 0x0000000084700000, 0x0000000084700000|100%| E|CS|TAMS 0x0000000084600000, 0x0000000084600000| Complete 
|  43|0x0000000084700000, 0x0000000084800000, 0x0000000084800000|100%| E|CS|TAMS 0x0000000084700000, 0x0000000084700000| Complete 
|  44|0x0000000084800000, 0x0000000084900000, 0x0000000084900000|100%| E|CS|TAMS 0x0000000084800000, 0x0000000084800000| Complete 
|  45|0x0000000084900000, 0x0000000084a00000, 0x0000000084a00000|100%| E|CS|TAMS 0x0000000084900000, 0x0000000084900000| Complete 
|  46|0x0000000084a00000, 0x0000000084b00000, 0x0000000084b00000|100%| E|CS|TAMS 0x0000000084a00000, 0x0000000084a00000| Complete 
|  47|0x0000000084b00000, 0x0000000084c00000, 0x0000000084c00000|100%| E|CS|TAMS 0x0000000084b00000, 0x0000000084b00000| Complete 
|  48|0x0000000084c00000, 0x0000000084d00000, 0x0000000084d00000|100%| E|CS|TAMS 0x0000000084c00000, 0x0000000084c00000| Complete 
| 120|0x0000000089400000, 0x0000000089500000, 0x0000000089500000|100%| E|CS|TAMS 0x0000000089400000, 0x0000000089400000| Complete 
| 121|0x0000000089500000, 0x0000000089600000, 0x0000000089600000|100%| E|CS|TAMS 0x0000000089500000, 0x0000000089500000| Complete 
| 122|0x0000000089600000, 0x0000000089700000, 0x0000000089700000|100%| E|CS|TAMS 0x0000000089600000, 0x0000000089600000| Complete 
| 123|0x0000000089700000, 0x0000000089800000, 0x0000000089800000|100%| E|CS|TAMS 0x0000000089700000, 0x0000000089700000| Complete 
| 124|0x0000000089800000, 0x0000000089900000, 0x0000000089900000|100%| E|CS|TAMS 0x0000000089800000, 0x0000000089800000| Complete 
| 127|0x0000000089b00000, 0x0000000089c00000, 0x0000000089c00000|100%| E|  |TAMS 0x0000000089b00000, 0x0000000089b00000| Complete 

Card table byte_map: [0x000001b266bb0000,0x000001b266fb0000] _byte_map_base: 0x000001b2667a2000

Marking Bits (Prev, Next): (CMBitMap*) 0x000001b24dc7ec30, (CMBitMap*) 0x000001b24dc7ec70
 Prev Bits: [0x000001b2673b0000, 0x000001b269340000)
 Next Bits: [0x000001b269340000, 0x000001b26b2d0000)

Polling page: 0x000001b24dce0000

Metaspace:

Usage:
  Non-class:     40.51 MB used.
      Class:      6.09 MB used.
       Both:     46.59 MB used.

Virtual space:
  Non-class space:       64.00 MB reserved,      40.75 MB ( 64%) committed,  1 nodes.
      Class space:        1.00 GB reserved,       6.25 MB ( <1%) committed,  1 nodes.
             Both:        1.06 GB reserved,      47.00 MB (  4%) committed. 

Chunk freelists:
   Non-Class:  3.30 MB
       Class:  1.70 MB
        Both:  5.00 MB

MaxMetaspaceSize: unlimited
CompressedClassSpaceSize: 1.00 GB
Initial GC threshold: 21.00 MB
Current GC threshold: 59.06 MB
CDS: on
MetaspaceReclaimPolicy: balanced
 - commit_granule_bytes: 65536.
 - commit_granule_words: 8192.
 - virtual_space_node_default_size: 8388608.
 - enlarge_chunks_in_place: 1.
 - new_chunks_are_fully_committed: 0.
 - uncommit_free_chunks: 1.
 - use_allocation_guard: 0.


Internal statistics:

num_allocs_failed_limit: 6.
num_arena_births: 494.
num_arena_deaths: 0.
num_vsnodes_births: 2.
num_vsnodes_deaths: 0.
num_space_committed: 752.
num_space_uncommitted: 0.
num_chunks_returned_to_freelist: 6.
num_chunks_taken_from_freelist: 2191.
num_chunk_merges: 3.
num_chunk_splits: 1558.
num_chunks_enlarged: 1287.
num_inconsistent_stats: 0.

CodeHeap 'non-profiled nmethods': size=120000Kb used=2451Kb max_used=2999Kb free=117549Kb
 bounds [0x000001b25e7f0000, 0x000001b25eae0000, 0x000001b265d20000]
CodeHeap 'profiled nmethods': size=120000Kb used=8989Kb max_used=10869Kb free=111011Kb
 bounds [0x000001b2572c0000, 0x000001b257d60000, 0x000001b25e7f0000]
CodeHeap 'non-nmethods': size=5760Kb used=1280Kb max_used=1361Kb free=4479Kb
 bounds [0x000001b256d20000, 0x000001b256f90000, 0x000001b2572c0000]
 total_blobs=5124 nmethods=4535 adapters=501
 compilation: enabled
              stopped_count=0, restarted_count=0
 full_count=0

Compilation events (20 events):
Event: 26796.553 Thread 0x000001b26dd7eb90 5335       3       java.util.ResourceBundle$KeyElementReference::<init> (12 bytes)
Event: 26796.553 Thread 0x000001b26dd7eb90 nmethod 5335 0x000001b257ada310 code [0x000001b257ada4c0, 0x000001b257ada858]
Event: 26796.562 Thread 0x000001b26dd7eb90 5336       3       java.nio.Buffer::remaining (20 bytes)
Event: 26796.562 Thread 0x000001b26dd7eb90 nmethod 5336 0x000001b257556d10 code [0x000001b257556ea0, 0x000001b257557038]
Event: 26796.564 Thread 0x000001b26dd7eb90 5337       3       java.nio.HeapByteBuffer::put (17 bytes)
Event: 26796.564 Thread 0x000001b26dd56190 5339       4       java.nio.HeapByteBuffer::ix (7 bytes)
Event: 26796.564 Thread 0x000001b26dd7eb90 nmethod 5337 0x000001b257680f90 code [0x000001b257681140, 0x000001b2576813f8]
Event: 26796.565 Thread 0x000001b26dd7eb90 5338   !   3       org.apache.tomcat.util.http.parser.HttpParser::isControl (9 bytes)
Event: 26796.565 Thread 0x000001b26dd56190 nmethod 5339 0x000001b25e99e610 code [0x000001b25e99e780, 0x000001b25e99e7f8]
Event: 26796.565 Thread 0x000001b26dd7eb90 nmethod 5338 0x000001b2575c6d90 code [0x000001b2575c6f20, 0x000001b2575c7098]
Event: 26796.585 Thread 0x000001b26dd56190 5340       4       jdk.internal.loader.URLClassPath::getResource (74 bytes)
Event: 26796.590 Thread 0x000001b26dd7eb90 5342       3       java.nio.Buffer::rewind (12 bytes)
Event: 26796.590 Thread 0x000001b26dd7eb90 nmethod 5342 0x000001b2575d2790 code [0x000001b2575d2920, 0x000001b2575d2a38]
Event: 26796.590 Thread 0x000001b26dd7eb90 5341       3       java.nio.ByteBuffer::rewind (7 bytes)
Event: 26796.590 Thread 0x000001b26dd7eb90 nmethod 5341 0x000001b2575e3f90 code [0x000001b2575e4120, 0x000001b2575e4298]
Event: 26796.639 Thread 0x000001b26dd7eb90 5348       3       ch.qos.logback.core.pattern.Converter::write (11 bytes)
Event: 26796.640 Thread 0x000001b26dd7eb90 nmethod 5348 0x000001b257579210 code [0x000001b2575793c0, 0x000001b257579638]
Event: 26796.640 Thread 0x000001b26dd7eb90 5349       3       ch.qos.logback.core.pattern.LiteralConverter::convert (5 bytes)
Event: 26796.640 Thread 0x000001b26dd7eb90 nmethod 5349 0x000001b2575ebb90 code [0x000001b2575ebd20, 0x000001b2575ebe38]
Event: 26796.640 Thread 0x000001b2738ab7c0 5346 %     4       java.util.Properties$LineReader::readLine @ 293 (584 bytes)

GC Heap History (20 events):
Event: 2.696 GC heap before
{Heap before GC invocations=1 (full 0):
 garbage-first heap   total 131072K, used 28821K [0x0000000081c00000, 0x0000000100000000)
  region size 1024K, 25 young (25600K), 3 survivors (3072K)
 Metaspace       used 12304K, committed 12608K, reserved 1114112K
  class space    used 1451K, committed 1600K, reserved 1048576K
}
Event: 2.703 GC heap after
{Heap after GC invocations=2 (full 0):
 garbage-first heap   total 131072K, used 8895K [0x0000000081c00000, 0x0000000100000000)
  region size 1024K, 2 young (2048K), 2 survivors (2048K)
 Metaspace       used 12304K, committed 12608K, reserved 1114112K
  class space    used 1451K, committed 1600K, reserved 1048576K
}
Event: 4.236 GC heap before
{Heap before GC invocations=2 (full 0):
 garbage-first heap   total 131072K, used 58047K [0x0000000081c00000, 0x0000000100000000)
  region size 1024K, 51 young (52224K), 2 survivors (2048K)
 Metaspace       used 20882K, committed 21120K, reserved 1114112K
  class space    used 2517K, committed 2624K, reserved 1048576K
}
Event: 4.243 GC heap after
{Heap after GC invocations=3 (full 0):
 garbage-first heap   total 131072K, used 12118K [0x0000000081c00000, 0x0000000100000000)
  region size 1024K, 5 young (5120K), 5 survivors (5120K)
 Metaspace       used 20882K, committed 21120K, reserved 1114112K
  class space    used 2517K, committed 2624K, reserved 1048576K
}
Event: 4.312 GC heap before
{Heap before GC invocations=3 (full 0):
 garbage-first heap   total 131072K, used 14166K [0x0000000081c00000, 0x0000000100000000)
  region size 1024K, 8 young (8192K), 5 survivors (5120K)
 Metaspace       used 21246K, committed 21504K, reserved 1114112K
  class space    used 2573K, committed 2688K, reserved 1048576K
}
Event: 4.317 GC heap after
{Heap after GC invocations=4 (full 0):
 garbage-first heap   total 131072K, used 12298K [0x0000000081c00000, 0x0000000100000000)
  region size 1024K, 5 young (5120K), 5 survivors (5120K)
 Metaspace       used 21246K, committed 21504K, reserved 1114112K
  class space    used 2573K, committed 2688K, reserved 1048576K
}
Event: 5.486 GC heap before
{Heap before GC invocations=5 (full 0):
 garbage-first heap   total 48128K, used 47114K [0x0000000081c00000, 0x0000000100000000)
  region size 1024K, 39 young (39936K), 5 survivors (5120K)
 Metaspace       used 28438K, committed 28736K, reserved 1114112K
  class space    used 3506K, committed 3648K, reserved 1048576K
}
Event: 5.497 GC heap after
{Heap after GC invocations=6 (full 0):
 garbage-first heap   total 56320K, used 15671K [0x0000000081c00000, 0x0000000100000000)
  region size 1024K, 8 young (8192K), 8 survivors (8192K)
 Metaspace       used 28438K, committed 28736K, reserved 1114112K
  class space    used 3506K, committed 3648K, reserved 1048576K
}
Event: 5.532 GC heap before
{Heap before GC invocations=6 (full 0):
 garbage-first heap   total 56320K, used 16695K [0x0000000081c00000, 0x0000000100000000)
  region size 1024K, 9 young (9216K), 8 survivors (8192K)
 Metaspace       used 28703K, committed 29056K, reserved 1114112K
  class space    used 3539K, committed 3712K, reserved 1048576K
}
Event: 5.538 GC heap after
{Heap after GC invocations=7 (full 0):
 garbage-first heap   total 56320K, used 16348K [0x0000000081c00000, 0x0000000100000000)
  region size 1024K, 1 young (1024K), 1 survivors (1024K)
 Metaspace       used 28703K, committed 29056K, reserved 1114112K
  class space    used 3539K, committed 3712K, reserved 1048576K
}
Event: 6.200 GC heap before
{Heap before GC invocations=7 (full 0):
 garbage-first heap   total 56320K, used 38876K [0x0000000081c00000, 0x0000000100000000)
  region size 1024K, 24 young (24576K), 1 survivors (1024K)
 Metaspace       used 35755K, committed 36096K, reserved 1114112K
  class space    used 4587K, committed 4736K, reserved 1048576K
}
Event: 6.202 GC heap after
{Heap after GC invocations=8 (full 0):
 garbage-first heap   total 56320K, used 17505K [0x0000000081c00000, 0x0000000100000000)
  region size 1024K, 3 young (3072K), 3 survivors (3072K)
 Metaspace       used 35755K, committed 36096K, reserved 1114112K
  class space    used 4587K, committed 4736K, reserved 1048576K
}
Event: 6.204 GC heap before
{Heap before GC invocations=8 (full 0):
 garbage-first heap   total 56320K, used 17505K [0x0000000081c00000, 0x0000000100000000)
  region size 1024K, 4 young (4096K), 3 survivors (3072K)
 Metaspace       used 35779K, committed 36096K, reserved 1114112K
  class space    used 4591K, committed 4736K, reserved 1048576K
}
Event: 6.206 GC heap after
{Heap after GC invocations=9 (full 0):
 garbage-first heap   total 56320K, used 17553K [0x0000000081c00000, 0x0000000100000000)
  region size 1024K, 3 young (3072K), 3 survivors (3072K)
 Metaspace       used 35779K, committed 36096K, reserved 1114112K
  class space    used 4591K, committed 4736K, reserved 1048576K
}
Event: 6.878 GC heap before
{Heap before GC invocations=10 (full 0):
 garbage-first heap   total 56320K, used 41105K [0x0000000081c00000, 0x0000000100000000)
  region size 1024K, 27 young (27648K), 3 survivors (3072K)
 Metaspace       used 42227K, committed 42624K, reserved 1114112K
  class space    used 5578K, committed 5760K, reserved 1048576K
}
Event: 6.881 GC heap after
{Heap after GC invocations=11 (full 0):
 garbage-first heap   total 56320K, used 19196K [0x0000000081c00000, 0x0000000100000000)
  region size 1024K, 4 young (4096K), 4 survivors (4096K)
 Metaspace       used 42227K, committed 42624K, reserved 1114112K
  class space    used 5578K, committed 5760K, reserved 1048576K
}
Event: 7.496 GC heap before
{Heap before GC invocations=11 (full 0):
 garbage-first heap   total 56320K, used 42748K [0x0000000081c00000, 0x0000000100000000)
  region size 1024K, 27 young (27648K), 4 survivors (4096K)
 Metaspace       used 45668K, committed 46144K, reserved 1114112K
  class space    used 6063K, committed 6272K, reserved 1048576K
}
Event: 7.503 GC heap after
{Heap after GC invocations=12 (full 0):
 garbage-first heap   total 56320K, used 21677K [0x0000000081c00000, 0x0000000100000000)
  region size 1024K, 4 young (4096K), 4 survivors (4096K)
 Metaspace       used 45668K, committed 46144K, reserved 1114112K
  class space    used 6063K, committed 6272K, reserved 1048576K
}
Event: 13398.546 GC heap before
{Heap before GC invocations=12 (full 0):
 garbage-first heap   total 56320K, used 41133K [0x0000000081c00000, 0x0000000100000000)
  region size 1024K, 24 young (24576K), 4 survivors (4096K)
 Metaspace       used 46501K, committed 46912K, reserved 1114112K
  class space    used 6124K, committed 6336K, reserved 1048576K
}
Event: 13398.565 GC heap after
{Heap after GC invocations=13 (full 0):
 garbage-first heap   total 56320K, used 23934K [0x0000000081c00000, 0x0000000100000000)
  region size 1024K, 3 young (3072K), 3 survivors (3072K)
 Metaspace       used 46501K, committed 46912K, reserved 1114112K
  class space    used 6124K, committed 6336K, reserved 1048576K
}

Deoptimization events (20 events):
Event: 26796.262 Thread 0x000001b27630d2c0 DEOPT PACKING pc=0x000001b25eab9d98 sp=0x00000018c06ff480
Event: 26796.262 Thread 0x000001b27630d2c0 DEOPT UNPACKING pc=0x000001b256d723a3 sp=0x00000018c06ff280 mode 2
Event: 26796.263 Thread 0x000001b27630d2c0 Uncommon trap: trap_request=0xffffff45 fr.pc=0x000001b25ea9ba70 relative=0x00000000000001f0
Event: 26796.263 Thread 0x000001b27630d2c0 Uncommon trap: reason=unstable_if action=reinterpret pc=0x000001b25ea9ba70 method=org.apache.tomcat.util.net.NioEndpoint$Poller.events()Z @ 18 c2
Event: 26796.263 Thread 0x000001b27630d2c0 DEOPT PACKING pc=0x000001b25ea9ba70 sp=0x00000018c06ff4d0
Event: 26796.263 Thread 0x000001b27630d2c0 DEOPT UNPACKING pc=0x000001b256d723a3 sp=0x00000018c06ff458 mode 2
Event: 26796.275 Thread 0x000001b27630d2c0 Uncommon trap: trap_request=0xffffff45 fr.pc=0x000001b25eabb1c8 relative=0x00000000000001e8
Event: 26796.275 Thread 0x000001b27630d2c0 Uncommon trap: reason=unstable_if action=reinterpret pc=0x000001b25eabb1c8 method=org.apache.tomcat.util.net.NioEndpoint$Poller.timeout(IZ)V @ 18 c2
Event: 26796.275 Thread 0x000001b27630d2c0 DEOPT PACKING pc=0x000001b25eabb1c8 sp=0x00000018c06ff4c0
Event: 26796.275 Thread 0x000001b27630d2c0 DEOPT UNPACKING pc=0x000001b256d723a3 sp=0x00000018c06ff440 mode 2
Event: 26796.470 Thread 0x000001b27630d2c0 Uncommon trap: trap_request=0xffffff45 fr.pc=0x000001b25eab86e0 relative=0x0000000000000060
Event: 26796.470 Thread 0x000001b27630d2c0 Uncommon trap: reason=unstable_if action=reinterpret pc=0x000001b25eab86e0 method=sun.nio.ch.WEPollSelectorImpl.processEvents(ILjava/util/function/Consumer;)I @ 32 c2
Event: 26796.470 Thread 0x000001b27630d2c0 DEOPT PACKING pc=0x000001b25eab86e0 sp=0x00000018c06ff300
Event: 26796.470 Thread 0x000001b27630d2c0 DEOPT UNPACKING pc=0x000001b256d723a3 sp=0x00000018c06ff238 mode 2
Event: 26796.471 Thread 0x000001b27630d2c0 Uncommon trap: trap_request=0xffffff45 fr.pc=0x000001b25ea9edf8 relative=0x00000000000004d8
Event: 26796.471 Thread 0x000001b27630d2c0 Uncommon trap: reason=unstable_if action=reinterpret pc=0x000001b25ea9edf8 method=java.util.concurrent.locks.AbstractQueuedSynchronizer$ConditionObject.doSignal(Ljava/util/concurrent/locks/AbstractQueuedSynchronizer$ConditionNode;Z)V @ 15 c2
Event: 26796.471 Thread 0x000001b27630d2c0 DEOPT PACKING pc=0x000001b25ea9edf8 sp=0x00000018c06ff010
Event: 26796.472 Thread 0x000001b27630d2c0 DEOPT UNPACKING pc=0x000001b256d723a3 sp=0x00000018c06fefd0 mode 2
Event: 26796.552 Thread 0x000001b2744cf550 DEOPT PACKING pc=0x000001b257ac9f31 sp=0x00000018bfcfdde0
Event: 26796.552 Thread 0x000001b2744cf550 DEOPT UNPACKING pc=0x000001b256d72b43 sp=0x00000018bfcfd298 mode 0

Classes loaded (20 events):
Event: 26796.227 Loading class sun/nio/ch/SocketAdaptor
Event: 26796.232 Loading class sun/nio/ch/SocketAdaptor done
Event: 26796.263 Loading class sun/nio/ch/SelectionKeyImpl
Event: 26796.265 Loading class java/nio/channels/spi/AbstractSelectionKey
Event: 26796.267 Loading class java/nio/channels/SelectionKey
Event: 26796.268 Loading class java/nio/channels/SelectionKey done
Event: 26796.268 Loading class java/nio/channels/spi/AbstractSelectionKey done
Event: 26796.268 Loading class sun/nio/ch/SelectionKeyImpl done
Event: 26796.269 Loading class java/lang/invoke/ConstantBootstraps
Event: 26796.273 Loading class java/lang/invoke/ConstantBootstraps done
Event: 26796.565 Loading class sun/nio/cs/ThreadLocalCoders
Event: 26796.566 Loading class sun/nio/cs/ThreadLocalCoders done
Event: 26796.566 Loading class sun/nio/cs/ThreadLocalCoders$1
Event: 26796.566 Loading class sun/nio/cs/ThreadLocalCoders$Cache
Event: 26796.566 Loading class sun/nio/cs/ThreadLocalCoders$Cache done
Event: 26796.566 Loading class sun/nio/cs/ThreadLocalCoders$1 done
Event: 26796.566 Loading class sun/nio/cs/ThreadLocalCoders$2
Event: 26796.566 Loading class sun/nio/cs/ThreadLocalCoders$2 done
Event: 26796.566 Loading class sun/nio/cs/ISO_8859_1$Decoder
Event: 26796.566 Loading class sun/nio/cs/ISO_8859_1$Decoder done

Classes unloaded (0 events):
No events

Classes redefined (0 events):
No events

Internal exceptions (20 events):
Event: 6.984 Thread 0x000001b24dc21350 Exception <a 'java/lang/NoSuchMethodError'{0x0000000089629610}: 'void java.lang.invoke.Invokers$Holder.invokeExact_MT(java.lang.Object, java.lang.Object, java.lang.Object, java.lang.Object)'> (0x0000000089629610) 
thrown [s\open\src\hotspot\share\interpreter\linkResolver.cpp, line 766]
Event: 7.032 Thread 0x000001b24dc21350 Exception <a 'java/lang/ClassNotFoundException'{0x00000000895b4988}: java/lang/ObjectCustomizer> (0x00000000895b4988) 
thrown [s\open\src\hotspot\share\classfile\systemDictionary.cpp, line 255]
Event: 7.033 Thread 0x000001b24dc21350 Exception <a 'java/lang/ClassNotFoundException'{0x00000000895bb118}: org/springframework/web/servlet/config/annotation/WebMvcConfigurationSupportCustomizer> (0x00000000895bb118) 
thrown [s\open\src\hotspot\share\classfile\systemDictionary.cpp, line 255]
Event: 7.034 Thread 0x000001b24dc21350 Exception <a 'java/lang/ClassNotFoundException'{0x00000000895cdc68}: org/springframework/web/servlet/config/annotation/DelegatingWebMvcConfigurationCustomizer> (0x00000000895cdc68) 
thrown [s\open\src\hotspot\share\classfile\systemDictionary.cpp, line 255]
Event: 7.035 Thread 0x000001b24dc21350 Exception <a 'java/lang/ClassNotFoundException'{0x00000000895d58d8}: org/springframework/boot/autoconfigure/web/servlet/WebMvcAutoConfiguration$EnableWebMvcConfigurationCustomizer> (0x00000000895d58d8) 
thrown [s\open\src\hotspot\share\classfile\systemDictionary.cpp, line 255]
Event: 7.036 Thread 0x000001b24dc21350 Exception <a 'java/lang/ClassNotFoundException'{0x00000000895e7e28}: org/springframework/context/ResourceLoaderAwareCustomizer> (0x00000000895e7e28) 
thrown [s\open\src\hotspot\share\classfile\systemDictionary.cpp, line 255]
Event: 7.036 Thread 0x000001b24dc21350 Exception <a 'java/lang/ClassNotFoundException'{0x00000000895eb9c8}: org/springframework/beans/factory/AwareCustomizer> (0x00000000895eb9c8) 
thrown [s\open\src\hotspot\share\classfile\systemDictionary.cpp, line 255]
Event: 7.036 Thread 0x000001b24dc21350 Exception <a 'java/lang/ClassNotFoundException'{0x00000000895ee8e8}: org/springframework/context/ApplicationContextAwareCustomizer> (0x00000000895ee8e8) 
thrown [s\open\src\hotspot\share\classfile\systemDictionary.cpp, line 255]
Event: 7.037 Thread 0x000001b24dc21350 Exception <a 'java/lang/ClassNotFoundException'{0x00000000895f2f68}: org/springframework/beans/factory/AwareCustomizer> (0x00000000895f2f68) 
thrown [s\open\src\hotspot\share\classfile\systemDictionary.cpp, line 255]
Event: 7.037 Thread 0x000001b24dc21350 Exception <a 'java/lang/ClassNotFoundException'{0x00000000895f5e60}: org/springframework/web/context/ServletContextAwareCustomizer> (0x00000000895f5e60) 
thrown [s\open\src\hotspot\share\classfile\systemDictionary.cpp, line 255]
Event: 7.038 Thread 0x000001b24dc21350 Exception <a 'java/lang/ClassNotFoundException'{0x00000000895f9e38}: org/springframework/beans/factory/AwareCustomizer> (0x00000000895f9e38) 
thrown [s\open\src\hotspot\share\classfile\systemDictionary.cpp, line 255]
Event: 7.040 Thread 0x000001b24dc21350 Exception <a 'java/lang/NoSuchMethodError'{0x000000008940fd70}: 'java.lang.Object java.lang.invoke.DirectMethodHandle$Holder.newInvokeSpecial(java.lang.Object, java.lang.Object, java.lang.Object, java.lang.Object, java.lang.Object, java.lang.Object, java.lang.Object, java.lang.Object)'> (0x000000008940fd70) 
thrown [s\open\src\hotspot\share\interpreter\linkResolver.cpp, line 766]
Event: 7.041 Thread 0x000001b24dc21350 Exception <a 'java/lang/NoSuchMethodError'{0x0000000089415130}: 'java.lang.Object java.lang.invoke.DirectMethodHandle$Holder.invokeSpecial(java.lang.Object, java.lang.Object, java.lang.Object, java.lang.Object, java.lang.Object, java.lang.Object, java.lang.Object, java.lang.Object, java.lang.Object)'> (0x0000000089415130) 
thrown [s\open\src\hotspot\share\interpreter\linkResolver.cpp, line 766]
Event: 7.187 Thread 0x000001b24dc21350 Exception <a 'java/lang/NoSuchMethodError'{0x00000000847c6628}: 'void java.lang.invoke.DirectMethodHandle$Holder.invokeVirtual(java.lang.Object, java.lang.Object, long)'> (0x00000000847c6628) 
thrown [s\open\src\hotspot\share\interpreter\linkResolver.cpp, line 766]
Event: 7.340 Thread 0x000001b24dc21350 Exception <a 'java/lang/IncompatibleClassChangeError'{0x00000000842e64b8}: Found class java.lang.Object, but interface was expected> (0x00000000842e64b8) 
thrown [s\open\src\hotspot\share\interpreter\linkResolver.cpp, line 833]
Event: 7.381 Thread 0x000001b24dc21350 Exception <a 'java/lang/NoSuchMethodError'{0x0000000084060158}: 'int java.lang.invoke.DirectMethodHandle$Holder.invokeStaticInit(java.lang.Object, java.lang.Object, java.lang.Object, java.lang.Object)'> (0x0000000084060158) 
thrown [s\open\src\hotspot\share\interpreter\linkResolver.cpp, line 766]
Event: 7.419 Thread 0x000001b24dc21350 Implicit null exception at 0x000001b25e904740 to 0x000001b25e90494c
Event: 7.492 Thread 0x000001b24dc21350 Exception <a 'java/lang/NoSuchMethodError'{0x0000000083ce4100}: 'java.lang.Object java.lang.invoke.DirectMethodHandle$Holder.invokeSpecial(java.lang.Object, java.lang.Object, int, java.lang.Object, int, java.lang.Object)'> (0x0000000083ce4100) 
thrown [s\open\src\hotspot\share\interpreter\linkResolver.cpp, line 766]
Event: 7.492 Thread 0x000001b24dc21350 Exception <a 'java/lang/NoSuchMethodError'{0x0000000083cebef8}: 'java.lang.Object java.lang.invoke.DirectMethodHandle$Holder.newInvokeSpecial(java.lang.Object, java.lang.Object, int, java.lang.Object, int)'> (0x0000000083cebef8) 
thrown [s\open\src\hotspot\share\interpreter\linkResolver.cpp, line 766]
Event: 7.492 Thread 0x000001b24dc21350 Exception <a 'java/lang/NoSuchMethodError'{0x0000000083cf0000}: 'java.lang.Object java.lang.invoke.DirectMethodHandle$Holder.invokeSpecial(java.lang.Object, java.lang.Object, java.lang.Object, int, java.lang.Object, int)'> (0x0000000083cf0000) 
thrown [s\open\src\hotspot\share\interpreter\linkResolver.cpp, line 766]

VM Operations (20 events):
Event: 19619.049 Executing VM operation: Cleanup
Event: 19619.050 Executing VM operation: Cleanup done
Event: 21377.283 Executing VM operation: Cleanup
Event: 21377.283 Executing VM operation: Cleanup done
Event: 23106.223 Executing VM operation: Cleanup
Event: 23106.224 Executing VM operation: Cleanup done
Event: 23122.366 Executing VM operation: Cleanup
Event: 23122.366 Executing VM operation: Cleanup done
Event: 24883.711 Executing VM operation: Cleanup
Event: 24883.712 Executing VM operation: Cleanup done
Event: 24921.065 Executing VM operation: Cleanup
Event: 24921.066 Executing VM operation: Cleanup done
Event: 24924.084 Executing VM operation: Cleanup
Event: 24924.085 Executing VM operation: Cleanup done
Event: 26796.256 Executing VM operation: HandshakeAllThreads
Event: 26796.256 Executing VM operation: HandshakeAllThreads done
Event: 26796.589 Executing VM operation: HandshakeAllThreads
Event: 26796.589 Executing VM operation: HandshakeAllThreads done
Event: 26796.589 Executing VM operation: Cleanup
Event: 26796.590 Executing VM operation: Cleanup done

Events (20 events):
Event: 26692.227 Thread 0x000001b27630ac40 Thread added: 0x000001b27630ac40
Event: 26700.983 Thread 0x000001b27630ac40 Thread exited: 0x000001b27630ac40
Event: 26700.983 Thread 0x000001b27630c450 Thread exited: 0x000001b27630c450
Event: 26702.437 Thread 0x000001b27630c450 Thread added: 0x000001b27630c450
Event: 26702.437 Thread 0x000001b27630c920 Thread added: 0x000001b27630c920
Event: 26707.450 Thread 0x000001b27630c450 Thread exited: 0x000001b27630c450
Event: 26707.450 Thread 0x000001b27630c920 Thread exited: 0x000001b27630c920
Event: 26718.158 Thread 0x000001b2763085c0 Thread added: 0x000001b2763085c0
Event: 26718.158 Thread 0x000001b27630bab0 Thread added: 0x000001b27630bab0
Event: 26723.174 Thread 0x000001b2763085c0 Thread exited: 0x000001b2763085c0
Event: 26723.174 Thread 0x000001b27630bab0 Thread exited: 0x000001b27630bab0
Event: 26741.226 Thread 0x000001b276308a90 Thread added: 0x000001b276308a90
Event: 26741.226 Thread 0x000001b276308f60 Thread added: 0x000001b276308f60
Event: 26746.241 Thread 0x000001b276308f60 Thread exited: 0x000001b276308f60
Event: 26746.241 Thread 0x000001b276308a90 Thread exited: 0x000001b276308a90
Event: 26754.046 Thread 0x000001b2763068e0 Thread added: 0x000001b2763068e0
Event: 26754.046 Thread 0x000001b276307280 Thread added: 0x000001b276307280
Event: 26759.048 Thread 0x000001b2763068e0 Thread exited: 0x000001b2763068e0
Event: 26759.063 Thread 0x000001b276307280 Thread exited: 0x000001b276307280
Event: 26796.640 Thread 0x000001b2738ab7c0 Thread added: 0x000001b2738ab7c0


Dynamic libraries:
0x00007ff687330000 - 0x00007ff68733e000 	C:\Users\Admin\.jdks\openjdk-18.0.1.1\bin\java.exe
0x00007ffe28ca0000 - 0x00007ffe28ea9000 	C:\WINDOWS\SYSTEM32\ntdll.dll
0x00007ffe273d0000 - 0x00007ffe2748d000 	C:\WINDOWS\System32\KERNEL32.DLL
0x00007ffe261c0000 - 0x00007ffe26539000 	C:\WINDOWS\System32\KERNELBASE.dll
0x00007ffe267f0000 - 0x00007ffe26901000 	C:\WINDOWS\System32\ucrtbase.dll
0x00007ffd7fb40000 - 0x00007ffd7fb57000 	C:\Users\Admin\.jdks\openjdk-18.0.1.1\bin\jli.dll
0x00007ffd8cd00000 - 0x00007ffd8cd1a000 	C:\Users\Admin\.jdks\openjdk-18.0.1.1\bin\VCRUNTIME140.dll
0x00007ffe279a0000 - 0x00007ffe27b4c000 	C:\WINDOWS\System32\USER32.dll
0x00007ffe10af0000 - 0x00007ffe10d95000 	C:\WINDOWS\WinSxS\amd64_microsoft.windows.common-controls_6595b64144ccf1df_6.0.22000.120_none_9d947278b86cc467\COMCTL32.dll
0x00007ffe26190000 - 0x00007ffe261b6000 	C:\WINDOWS\System32\win32u.dll
0x00007ffe26d20000 - 0x00007ffe26dc3000 	C:\WINDOWS\System32\msvcrt.dll
0x00007ffe277b0000 - 0x00007ffe277d9000 	C:\WINDOWS\System32\GDI32.dll
0x00007ffe26910000 - 0x00007ffe26a22000 	C:\WINDOWS\System32\gdi32full.dll
0x00007ffe26aa0000 - 0x00007ffe26b3d000 	C:\WINDOWS\System32\msvcp_win.dll
0x00007ffe28bc0000 - 0x00007ffe28bf1000 	C:\WINDOWS\System32\IMM32.DLL
0x00007ffdf19d0000 - 0x00007ffdf19dc000 	C:\Users\Admin\.jdks\openjdk-18.0.1.1\bin\vcruntime140_1.dll
0x00007ffd7f670000 - 0x00007ffd7f6fd000 	C:\Users\Admin\.jdks\openjdk-18.0.1.1\bin\msvcp140.dll
0x00007ffd766b0000 - 0x00007ffd772c0000 	C:\Users\Admin\.jdks\openjdk-18.0.1.1\bin\server\jvm.dll
0x00007ffe27560000 - 0x00007ffe2760e000 	C:\WINDOWS\System32\ADVAPI32.dll
0x00007ffe277e0000 - 0x00007ffe2787e000 	C:\WINDOWS\System32\sechost.dll
0x00007ffe27880000 - 0x00007ffe279a0000 	C:\WINDOWS\System32\RPCRT4.dll
0x00007ffe26b40000 - 0x00007ffe26b48000 	C:\WINDOWS\System32\PSAPI.DLL
0x00007ffe09440000 - 0x00007ffe09449000 	C:\WINDOWS\SYSTEM32\WSOCK32.dll
0x00007ffe168b0000 - 0x00007ffe168e3000 	C:\WINDOWS\SYSTEM32\WINMM.dll
0x00007ffe1b010000 - 0x00007ffe1b01a000 	C:\WINDOWS\SYSTEM32\VERSION.dll
0x00007ffe274f0000 - 0x00007ffe2755f000 	C:\WINDOWS\System32\WS2_32.dll
0x00007ffe25340000 - 0x00007ffe25358000 	C:\WINDOWS\SYSTEM32\kernel.appcore.dll
0x00007ffdf06c0000 - 0x00007ffdf06ca000 	C:\Users\Admin\.jdks\openjdk-18.0.1.1\bin\jimage.dll
0x00007ffdfeab0000 - 0x00007ffdfecd1000 	C:\WINDOWS\SYSTEM32\DBGHELP.DLL
0x00007ffe15d00000 - 0x00007ffe15d31000 	C:\WINDOWS\SYSTEM32\dbgcore.DLL
0x00007ffe26540000 - 0x00007ffe265bf000 	C:\WINDOWS\System32\bcryptPrimitives.dll
0x00007ffe15d50000 - 0x00007ffe15d5e000 	C:\Users\Admin\.jdks\openjdk-18.0.1.1\bin\instrument.dll
0x00007ffd7fb10000 - 0x00007ffd7fb35000 	C:\Users\Admin\.jdks\openjdk-18.0.1.1\bin\java.dll
0x00007ffd7f120000 - 0x00007ffd7f1f6000 	C:\Users\Admin\.jdks\openjdk-18.0.1.1\bin\jsvml.dll
0x00007ffe28350000 - 0x00007ffe28aff000 	C:\WINDOWS\System32\SHELL32.dll
0x00007ffe242d0000 - 0x00007ffe24b38000 	C:\WINDOWS\SYSTEM32\windows.storage.dll
0x00007ffe26dd0000 - 0x00007ffe27148000 	C:\WINDOWS\System32\combase.dll
0x00007ffe24160000 - 0x00007ffe242c6000 	C:\WINDOWS\SYSTEM32\wintypes.dll
0x00007ffe276c0000 - 0x00007ffe277aa000 	C:\WINDOWS\System32\SHCORE.dll
0x00007ffe28c00000 - 0x00007ffe28c5d000 	C:\WINDOWS\System32\shlwapi.dll
0x00007ffe260c0000 - 0x00007ffe260e1000 	C:\WINDOWS\SYSTEM32\profapi.dll
0x00007ffd7f650000 - 0x00007ffd7f668000 	C:\Users\Admin\.jdks\openjdk-18.0.1.1\bin\zip.dll
0x00007ffd7faf0000 - 0x00007ffd7fb03000 	C:\Users\Admin\.jdks\openjdk-18.0.1.1\bin\net.dll
0x00007ffe213f0000 - 0x00007ffe214fc000 	C:\WINDOWS\SYSTEM32\WINHTTP.dll
0x00007ffe25760000 - 0x00007ffe257c7000 	C:\WINDOWS\system32\mswsock.dll
0x00007ffd7fad0000 - 0x00007ffd7fae6000 	C:\Users\Admin\.jdks\openjdk-18.0.1.1\bin\nio.dll
0x00007ffe11560000 - 0x00007ffe1157a000 	C:\Program Files\JetBrains\IntelliJ IDEA Community Edition 2021.3.1\bin\breakgen64.dll
0x00007ffdc73a0000 - 0x00007ffdc73b0000 	C:\Users\Admin\.jdks\openjdk-18.0.1.1\bin\verify.dll
0x00007ffe21ca0000 - 0x00007ffe21ca9000 	C:\Users\Admin\.jdks\openjdk-18.0.1.1\bin\management.dll
0x00007ffe1a8c0000 - 0x00007ffe1a8cb000 	C:\Users\Admin\.jdks\openjdk-18.0.1.1\bin\management_ext.dll
0x00007ffe0ac00000 - 0x00007ffe0ac17000 	C:\WINDOWS\system32\napinsp.dll
0x00007ffe06c70000 - 0x00007ffe06c8b000 	C:\WINDOWS\system32\pnrpnsp.dll
0x00007ffe24ee0000 - 0x00007ffe24fc8000 	C:\WINDOWS\SYSTEM32\DNSAPI.dll
0x00007ffe24e70000 - 0x00007ffe24e9d000 	C:\WINDOWS\SYSTEM32\IPHLPAPI.DLL
0x00007ffe27d80000 - 0x00007ffe27d89000 	C:\WINDOWS\System32\NSI.dll
0x00007ffe05e30000 - 0x00007ffe05e42000 	C:\WINDOWS\System32\winrnr.dll
0x00007ffe167d0000 - 0x00007ffe167e5000 	C:\WINDOWS\system32\wshbth.dll
0x00007ffe235d0000 - 0x00007ffe235ef000 	C:\WINDOWS\system32\nlansp_c.dll
0x00007ffe1eca0000 - 0x00007ffe1ecaa000 	C:\Windows\System32\rasadhlp.dll
0x00007ffe20820000 - 0x00007ffe208a1000 	C:\WINDOWS\System32\fwpuclnt.dll
0x00007ffe25a30000 - 0x00007ffe25a48000 	C:\WINDOWS\SYSTEM32\CRYPTSP.dll
0x00007ffe252a0000 - 0x00007ffe252d5000 	C:\WINDOWS\system32\rsaenh.dll
0x00007ffe25800000 - 0x00007ffe25829000 	C:\WINDOWS\SYSTEM32\USERENV.dll
0x00007ffe25b70000 - 0x00007ffe25b97000 	C:\WINDOWS\SYSTEM32\bcrypt.dll
0x00007ffe25950000 - 0x00007ffe2595c000 	C:\WINDOWS\SYSTEM32\CRYPTBASE.dll
0x00007ffe21330000 - 0x00007ffe21349000 	C:\WINDOWS\SYSTEM32\dhcpcsvc6.DLL
0x00007ffe21d70000 - 0x00007ffe21d8e000 	C:\WINDOWS\SYSTEM32\dhcpcsvc.DLL
0x00007ffe05090000 - 0x00007ffe0509e000 	C:\Users\Admin\.jdks\openjdk-18.0.1.1\bin\sunmscapi.dll
0x00007ffe26680000 - 0x00007ffe267e2000 	C:\WINDOWS\System32\CRYPT32.dll
0x00007ffe25b40000 - 0x00007ffe25b68000 	C:\WINDOWS\SYSTEM32\ncrypt.dll
0x00007ffe25b00000 - 0x00007ffe25b37000 	C:\WINDOWS\SYSTEM32\NTASN1.dll

dbghelp: loaded successfully - version: 4.0.5 - missing functions: none
symbol engine: initialized successfully - sym options: 0x614 - pdb path: .;C:\Users\Admin\.jdks\openjdk-18.0.1.1\bin;C:\WINDOWS\SYSTEM32;C:\WINDOWS\WinSxS\amd64_microsoft.windows.common-controls_6595b64144ccf1df_6.0.22000.120_none_9d947278b86cc467;C:\Users\Admin\.jdks\openjdk-18.0.1.1\bin\server;C:\Program Files\JetBrains\IntelliJ IDEA Community Edition 2021.3.1\bin

VM Arguments:
jvm_args: -javaagent:C:\Program Files\JetBrains\IntelliJ IDEA Community Edition 2021.3.1\lib\idea_rt.jar=61509:C:\Program Files\JetBrains\IntelliJ IDEA Community Edition 2021.3.1\bin -Dfile.encoding=UTF-8 
java_command: com.example.demoFinalmaven.SupportportalApplication
java_class_path (initial): C:\Users\Admin\Documents\Loic Sanou\TechDev Mai 2022\Sping boot\user mamangement Spring securit JWT and Angular\backend\target\classes;C:\Users\Admin\.m2\repository\org\springframework\boot\spring-boot-starter-data-jpa\2.6.7\spring-boot-starter-data-jpa-2.6.7.jar;C:\Users\Admin\.m2\repository\org\springframework\boot\spring-boot-starter-aop\2.6.7\spring-boot-starter-aop-2.6.7.jar;C:\Users\Admin\.m2\repository\org\aspectj\aspectjweaver\1.9.7\aspectjweaver-1.9.7.jar;C:\Users\Admin\.m2\repository\org\springframework\boot\spring-boot-starter-jdbc\2.6.7\spring-boot-starter-jdbc-2.6.7.jar;C:\Users\Admin\.m2\repository\com\zaxxer\HikariCP\4.0.3\HikariCP-4.0.3.jar;C:\Users\Admin\.m2\repository\org\springframework\spring-jdbc\5.3.19\spring-jdbc-5.3.19.jar;C:\Users\Admin\.m2\repository\jakarta\transaction\jakarta.transaction-api\1.3.3\jakarta.transaction-api-1.3.3.jar;C:\Users\Admin\.m2\repository\jakarta\persistence\jakarta.persistence-api\2.2.3\jakarta.persistence-api-2.2.3.jar;C:\Users\Admin\.m2\repository\org\hibernate\hibernate-core\5.6.8.Final\hibernate-core-5.6.8.Final.jar;C:\Users\Admin\.m2\repository\org\jboss\logging\jboss-logging\3.4.3.Final\jboss-logging-3.4.3.Final.jar;C:\Users\Admin\.m2\repository\net\bytebuddy\byte-buddy\1.11.22\byte-buddy-1.11.22.jar;C:\Users\Admin\.m2\repository\antlr\antlr\2.7.7\antlr-2.7.7.jar;C:\Users\Admin\.m2\repository\org\jboss\jandex\2.4.2.Final\jandex-2.4.2.Final.jar;C:\Users\Admin\.m2\repository\com\fasterxml\classmate\1.5.1\classmate-1.5.1.jar;C:\Users\Admin\.m2\repository\org\hibernate\common\hibernate-commons-annotations\5.1.2.Final\hibernate-commons-annotations-5.1.2.Final.jar;C:\Users\Admin\.m2\repository\org\glassfish\jaxb\jaxb-runtime\2.3.6\jaxb-runtime-2.3.6.jar;C:\Users\Admin\.m2\repository\org\glassfish\jaxb\txw2\2.3.6\txw2-2.3.6.jar;C:\Users\Admin\.m2\repository\com\sun\istack\istack-commons-runtime\3.0.12\istack-commons-runtime-3.0.12.jar;C:\Users\Admin\.m2\repository\com\sun\activation\jakarta.activation\1.2.2\jakarta.activation-1.2.2.jar;C:\Users\Admin\.m2\repository\org\springframework\data\spring-data-jpa\2.6.4\spring-data-jpa-2.6.4.jar;C:\Users\Admin\.m2\repository\org\springframework\data\spring-data-commons\2.6.4\spring-data-commons-2.6.4.jar;C:\Users\Admin\.m2\repository\org\springframework\spring-orm\5.3.19\spring-orm-5.3.19.jar;C:\Users\Admin\.m2\repository\org\springframework\spring-tx\5.3.19\spring-tx-5.3.19.jar;C:\Users\Admin\.m2\repository\org\slf4j\slf4j-api\1.7.36\slf4j-api-1.7.36.jar;C:\Users\Admin\.m2\repository\org\springframework\spring-aspects\5.3.19\spring-aspects-5.3.19.jar;C:\Users\Admin\.m2\repository\org\springframework\boot\spring-boot-starter-web\2.6.7\spring-boot-starter-web-2.6.7.jar;C:\Users\Admin\.m2\repository\org\springframework\boot\spring-boot-starter\2.6.7\spring-boot-starter-2.6.7.jar;C:\Users\Admin\.m2\repository\org\springframework\boot\spring-boot\2.6.7\spring-boot-2.6.7.jar;C:\Users\Admin\.m2\repository\org\springframework\boot\spring-boot-autoconfigure\2.6.7\spring-boot-autoconfigure-2.6.7.jar;C:\Users\Admin\.m2\repository\org\springframework\boot\spring-boot-starter-logging\2.6.7\spring-boot-starter-logging-2.6.7.jar;C:\Users\Admin\.m2\repository\ch\qos\logback\logback-classic\1.2.11\logback-classic-1.2.11.jar;C:\Users\Admin\.m2\repository\ch\qos\logback\logback-core\1.2.11\logback-core-1.2.11.jar;C:\Users\Admin\.m2\repository\org\apache\logging\log4j\log4j-to-slf4j\2.17.2\log4j-to-slf4j-2.17.2.jar;C:\Users\Admin\.m2\repository\org\apache\logging\log4j\log4j-api\2.17.2\log4j-api-2.17.2.jar;C:\Users\Admin\.m2\repository\org\slf4j\jul-to-slf4j\1.7.36\jul-to-slf4j-1.7.36.jar;C:\Users\Admin\.m2\repository\jakarta\annotation\jakarta.annotation-api\1.3.5\jakarta.annotation-api-1.3.5.jar;C:\Users\Admin\.m2\repository\org\yaml\snakeyaml\1.29\snakeyaml-1.29.jar;C:\Users\Admin\.m2\repository\org\springframework\boot\spring-boot-starter-json\2.6.7\spring-boot-starter-json-2.6.7.jar;C:\Users\Admin\.m2\repository\com\fasterxml\jackson\datatype\jackson-datatype-jdk8\2.13.2\jackson-datatype-jdk8-2.13.2.jar;C:\Users\Admin\.m2\repository\com\fasterxml\jackson\datatype\jackson-datatype-jsr310\2.13.2\jackson-datatype-jsr310-2.13.2.jar;C:\Users\Admin\.m2\repository\com\fasterxml\jackson\module\jackson-module-parameter-names\2.13.2\jackson-module-parameter-names-2.13.2.jar;C:\Users\Admin\.m2\repository\org\springframework\boot\spring-boot-starter-tomcat\2.6.7\spring-boot-starter-tomcat-2.6.7.jar;C:\Users\Admin\.m2\repository\org\apache\tomcat\embed\tomcat-embed-core\9.0.62\tomcat-embed-core-9.0.62.jar;C:\Users\Admin\.m2\repository\org\apache\tomcat\embed\tomcat-embed-el\9.0.62\tomcat-embed-el-9.0.62.jar;C:\Users\Admin\.m2\repository\org\apache\tomcat\embed\tomcat-embed-websocket\9.0.62\tomcat-embed-websocket-9.0.62.jar;C:\Users\Admin\.m2\repository\org\springframework\spring-web\5.3.19\spring-web-5.3.19.jar;C:\Users\Admin\.m2\repository\org\springframework\spring-webmvc\5.3.19\spring-webmvc-5.3.19.jar;C:\Users\Admin\.m2\repository\com\auth0\java-jwt\3.10.0\java-jwt-3.10.0.jar;C:\Users\Admin\.m2\repository\com\fasterxml\jackson\core\jackson-databind\2.13.2.1\jackson-databind-2.13.2.1.jar;C:\Users\Admin\.m2\repository\com\fasterxml\jackson\core\jackson-annotations\2.13.2\jackson-annotations-2.13.2.jar;C:\Users\Admin\.m2\repository\com\fasterxml\jackson\core\jackson-core\2.13.2\jackson-core-2.13.2.jar;C:\Users\Admin\.m2\repository\commons-codec\commons-codec\1.15\commons-codec-1.15.jar;C:\Users\Admin\.m2\repository\org\apache\commons\commons-lang3\3.0\commons-lang3-3.0.jar;C:\Users\Admin\.m2\repository\com\h2database\h2\1.4.200\h2-1.4.200.jar;C:\Users\Admin\.m2\repository\mysql\mysql-connector-java\8.0.28\mysql-connector-java-8.0.28.jar;C:\Users\Admin\.m2\repository\jakarta\xml\bind\jakarta.xml.bind-api\2.3.3\jakarta.xml.bind-api-2.3.3.jar;C:\Users\Admin\.m2\repository\jakarta\activation\jakarta.activation-api\1.2.2\jakarta.activation-api-1.2.2.jar;C:\Users\Admin\.m2\repository\org\springframework\spring-core\5.3.19\spring-core-5.3.19.jar;C:\Users\Admin\.m2\repository\org\springframework\spring-jcl\5.3.19\spring-jcl-5.3.19.jar;C:\Users\Admin\.m2\repository\org\springframework\security\spring-security-core\5.5.1\spring-security-core-5.5.1.jar;C:\Users\Admin\.m2\repository\org\springframework\security\spring-security-crypto\5.6.3\spring-security-crypto-5.6.3.jar;C:\Users\Admin\.m2\repository\org\springframework\spring-aop\5.3.19\spring-aop-5.3.19.jar;C:\Users\Admin\.m2\repository\org\springframework\spring-beans\5.3.19\spring-beans-5.3.19.jar;C:\Users\Admin\.m2\repository\org\springframework\spring-context\5.3.19\spring-context-5.3.19.jar;C:\Users\Admin\.m2\repository\org\springframework\spring-expression\5.3.19\spring-expression-5.3.19.jar;C:\Users\Admin\.m2\repository\org\springframework\security\spring-security-web\5.6.3\spring-security-web-5.6.3.jar
Launcher Type: SUN_STANDARD

[Global flags]
     intx CICompilerCount                          = 4                                         {product} {ergonomic}
     uint ConcGCThreads                            = 2                                         {product} {ergonomic}
     uint G1ConcRefinementThreads                  = 8                                         {product} {ergonomic}
   size_t G1HeapRegionSize                         = 1048576                                   {product} {ergonomic}
    uintx GCDrainStackTargetSize                   = 64                                        {product} {ergonomic}
   size_t InitialHeapSize                          = 134217728                                 {product} {ergonomic}
   size_t MarkStackSize                            = 4194304                                   {product} {ergonomic}
   size_t MaxHeapSize                              = 2118123520                                {product} {ergonomic}
   size_t MaxNewSize                               = 1270874112                                {product} {ergonomic}
   size_t MinHeapDeltaBytes                        = 1048576                                   {product} {ergonomic}
   size_t MinHeapSize                              = 8388608                                   {product} {ergonomic}
    uintx NonNMethodCodeHeapSize                   = 5839372                                {pd product} {ergonomic}
    uintx NonProfiledCodeHeapSize                  = 122909434                              {pd product} {ergonomic}
    uintx ProfiledCodeHeapSize                     = 122909434                              {pd product} {ergonomic}
    uintx ReservedCodeCacheSize                    = 251658240                              {pd product} {ergonomic}
     bool SegmentedCodeCache                       = true                                      {product} {ergonomic}
   size_t SoftMaxHeapSize                          = 2118123520                             {manageable} {ergonomic}
     bool UseCompressedClassPointers               = true                           {product lp64_product} {ergonomic}
     bool UseCompressedOops                        = true                           {product lp64_product} {ergonomic}
     bool UseG1GC                                  = true                                      {product} {ergonomic}
     bool UseLargePagesIndividualAllocation        = false                                  {pd product} {ergonomic}

Logging:
Log output configuration:
 #0: stdout all=warning uptime,level,tags foldmultilines=false
 #1: stderr all=off uptime,level,tags foldmultilines=false

Environment Variables:
PATH=C:\Program Files (x86)\Common Files\Oracle\Java\javapath;C:\WINDOWS\system32;C:\WINDOWS;C:\WINDOWS\System32\Wbem;C:\WINDOWS\System32\WindowsPowerShell\v1.0\;C:\WINDOWS\System32\OpenSSH\;C:\Program Files\nodejs\;C:\ProgramData\chocolatey\bin;C:\Program Files\dotnet\;C:\Program Files\Microsoft SQL Server\150\Tools\Binn\;C:\Program Files\Microsoft SQL Server\Client SDK\ODBC\170\Tools\Binn\;C:\Program Files\Symfony;C:\composer;C:\Program Files\Java\jdk1.8.0_202\bin;C:\xampp\php;C:\Program Files\Git\cmd;C:\Program Files\MySQL\MySQL Shell 8.0\bin\;C:\Users\Admin\AppData\Local\Microsoft\WindowsApps;C:\Users\Admin\AppData\Local\Programs\Microsoft VS Code\bin;C:\Users\Admin\AppData\Local\GitHubDesktop\bin;C:\Users\Admin\AppData\Roaming\npm;C:\Users\Admin\.dotnet\tools;C:\Users\Admin\AppData\Roaming\Composer\vendor\bin;C:\Program Files\JetBrains\IntelliJ IDEA Community Edition 2021.3.1\bin;;C:\Program Files\JetBrains\PhpStorm 2021.1.4\bin;
USERNAME=Admin
OS=Windows_NT
PROCESSOR_IDENTIFIER=Intel64 Family 6 Model 142 Stepping 12, GenuineIntel



---------------  S Y S T E M  ---------------

OS:
 Windows 11 , 64 bit Build 22000 (10.0.22000.675)
OS uptime: 2 days 9:10 hours
Hyper-V role detected

CPU: total 8 (initial active 8) (4 cores per cpu, 2 threads per core) family 6 model 142 stepping 12 microcode 0xde, cx8, cmov, fxsr, ht, mmx, 3dnowpref, sse, sse2, sse3, ssse3, sse4.1, sse4.2, popcnt, lzcnt, tsc, tscinvbit, avx, avx2, aes, erms, clmul, bmi1, bmi2, adx, fma, vzeroupper, clflush, clflushopt, hv

Memory: 4k page, system-wide physical 8072M (710M free)
TotalPageFile size 32648M (AvailPageFile size 1M)
current process WorkingSet (physical memory assigned to process): 91M, peak: 217M
current process commit charge ("private bytes"): 231M, peak: 276M

vm_info: OpenJDK 64-Bit Server VM (18.0.1.1+2-6) for windows-amd64 JRE (18.0.1.1+2-6), built on Apr 25 2022 21:50:56 by "mach5one" with MS VC++ 16.8 / 16.9 (VS2019)

END.
